<?xml version="1.0" encoding="UTF-8"?>
<!-- Generated by org.testng.reporters.JUnitReportReporter -->
<testsuite ignored="0" hostname="Shraddha-TY" failures="0" tests="7" name="com.online.qa.testcases.Homepagetest" time="0.137" errors="0" timestamp="03 Jun 2021 10:05:21 GMT" skipped="0">
  <testcase classname="com.online.qa.testcases.Homepagetest" name="addtocarkbrokolicolor" time="0.032"/>
  <testcase classname="com.online.qa.testcases.Homepagetest" name="Test3" time="0.001"/>
  <testcase classname="com.online.qa.testcases.Homepagetest" name="Test4" time="0.001"/>
  <testcase classname="com.online.qa.testcases.Homepagetest" name="addtocarkbrokoli" time="0.100"/>
  <testcase classname="com.online.qa.testcases.Homepagetest" name="Test5" time="0.001"/>
  <testcase classname="com.online.qa.testcases.Homepagetest" name="Test7" time="0.002"/>
  <testcase classname="com.online.qa.testcases.Homepagetest" name="Test6" time="0.000"/>
</testsuite> <!-- com.online.qa.testcases.Homepagetest -->
