<?xml version="1.0" encoding="UTF-8"?>
<!-- Generated by org.testng.reporters.JUnitReportReporter -->
<testsuite ignored="0" hostname="Shraddha-TY" failures="0" tests="2" name="com.online.qa.testcases.Homepagetest" time="0.139" errors="0" timestamp="03 Jun 2021 05:57:52 GMT" skipped="0">
  <testcase classname="com.online.qa.testcases.Homepagetest" name="addtocarkbrokoli" time="0.101"/>
  <testcase classname="com.online.qa.testcases.Homepagetest" name="addtocarkbrokolicolor" time="0.038"/>
</testsuite> <!-- com.online.qa.testcases.Homepagetest -->
